<?xml version="1.0" encoding="UTF-8"?>
<!-- Generated by org.testng.reporters.JUnitReportReporter -->
<testsuite skipped="0" hostname="DESKTOP-9CL64DC" name="com.bit.test.AssertionPractice" tests="2" failures="0" timestamp="13 Nov 2022 19:06:32 GMT" time="0.004" errors="0">
  <testcase name="verifyData1" time="0.004" classname="com.bit.test.AssertionPractice"/>
  <testcase name="verifyData1" time="0.000" classname="com.bit.test.AssertionPractice"/>
</testsuite> <!-- com.bit.test.AssertionPractice -->
