<?xml version="1.0" encoding="UTF-8"?>
<!-- Generated by org.testng.reporters.JUnitReportReporter -->
<testsuite skipped="0" hostname="DESKTOP-9CL64DC" name="com.bit.shared.RegressionTest" tests="1" failures="0" timestamp="05 Nov 2022 18:12:25 GMT" time="0.002" errors="0">
  <testcase name="targetHeaderValidation" time="0.002" classname="com.bit.shared.RegressionTest"/>
</testsuite> <!-- com.bit.shared.RegressionTest -->
