<?xml version="1.0" encoding="UTF-8"?>
<!-- Generated by org.testng.reporters.JUnitReportReporter -->
<testsuite skipped="0" hostname="DESKTOP-9CL64DC" name="com.bit.test.AssertionPractice" tests="1" failures="0" timestamp="13 Nov 2022 18:39:06 GMT" time="0.026" errors="0">
  <testcase name="log4JPractice" time="0.026" classname="com.bit.test.AssertionPractice"/>
</testsuite> <!-- com.bit.test.AssertionPractice -->
