<?xml version="1.0" encoding="UTF-8"?>
<!-- Generated by org.testng.reporters.JUnitReportReporter -->
<testsuite skipped="0" hostname="DESKTOP-9CL64DC" name="com.bit.test.ParallelTest" tests="2" failures="0" timestamp="06 Nov 2022 17:17:52 GMT" time="5.939" errors="0">
  <testcase name="test1" time="2.272" classname="com.bit.test.ParallelTest"/>
  <testcase name="test2" time="3.667" classname="com.bit.test.ParallelTest"/>
</testsuite> <!-- com.bit.test.ParallelTest -->
