<?xml version="1.0" encoding="UTF-8"?>
<!-- Generated by org.testng.reporters.JUnitReportReporter -->
<testsuite skipped="0" hostname="DESKTOP-9CL64DC" name="com.bit.test.SmokeTest" tests="4" failures="0" timestamp="06 Nov 2022 18:22:55 GMT" time="0.004" errors="0">
  <testcase name="targetSignUp3" time="0.000" classname="com.bit.test.SmokeTest"/>
  <testcase name="targetSignUp1" time="0.000" classname="com.bit.test.SmokeTest"/>
  <testcase name="targetSignIn2" time="0.000" classname="com.bit.test.SmokeTest"/>
  <testcase name="targetSignIn" time="0.004" classname="com.bit.test.SmokeTest"/>
</testsuite> <!-- com.bit.test.SmokeTest -->
